# JRE version: OpenJDK Runtime Environment (8.0_152-b02) (build 1.8.0_152-release-1024-b02)
# Java VM: OpenJDK 64-Bit Server VM (25.152-b02 mixed mode windows-amd64 compressed oops)
Heap:
 PSYoungGen      total 474624K, used 304046K [0x00000000e0000000, 0x00000000ffb80000, 0x0000000100000000)
  eden space 435712K, 67% used [0x00000000e0000000,0x00000000f1f94f20,0x00000000fa980000)
  from space 38912K, 24% used [0x00000000fd580000,0x00000000fded6c58,0x00000000ffb80000)
  to   space 41984K, 0% used [0x00000000fa980000,0x00000000fa980000,0x00000000fd280000)
 ParOldGen       total 444928K, used 190163K [0x00000000a0000000, 0x00000000bb280000, 0x00000000e0000000)
  object space 444928K, 42% used [0x00000000a0000000,0x00000000ab9b4d08,0x00000000bb280000)
 Metaspace       used 91197K, capacity 96818K, committed 99672K, reserved 1136640K
  class space    used 11272K, capacity 12247K, committed 12928K, reserved 1048576K
GC Heap History (10 events):
Event: 6067.770 GC heap before
{Heap before GC invocations=75 (full 5):
 PSYoungGen      total 415232K, used 377951K [0x00000000e0000000, 0x00000000fdf80000, 0x0000000100000000)
  eden space 372736K, 100% used [0x00000000e0000000,0x00000000f6c00000,0x00000000f6c00000)
  from space 42496K, 12% used [0x00000000f6c00000,0x00000000f7117f80,0x00000000f9580000)
  to   space 41984K, 0% used [0x00000000fb680000,0x00000000fb680000,0x00000000fdf80000)
 ParOldGen       total 444928K, used 183197K [0x00000000a0000000, 0x00000000bb280000, 0x00000000e0000000)
  object space 444928K, 41% used [0x00000000a0000000,0x00000000ab2e7670,0x00000000bb280000)
 Metaspace       used 90258K, capacity 95688K, committed 98792K, reserved 1134592K
  class space    used 11154K, capacity 12100K, committed 12928K, reserved 1048576K
Event: 6067.792 GC heap after
Heap after GC invocations=75 (full 5):
 PSYoungGen      total 442368K, used 40527K [0x00000000e0000000, 0x00000000fed00000, 0x0000000100000000)
  eden space 400384K, 0% used [0x00000000e0000000,0x00000000e0000000,0x00000000f8700000)
  from space 41984K, 96% used [0x00000000fb680000,0x00000000fde13c10,0x00000000fdf80000)
  to   space 48640K, 0% used [0x00000000f8700000,0x00000000f8700000,0x00000000fb680000)
 ParOldGen       total 444928K, used 190147K [0x00000000a0000000, 0x00000000bb280000, 0x00000000e0000000)
  object space 444928K, 42% used [0x00000000a0000000,0x00000000ab9b0d08,0x00000000bb280000)
 Metaspace       used 90258K, capacity 95688K, committed 98792K, reserved 1134592K
  class space    used 11154K, capacity 12100K, committed 12928K, reserved 1048576K
}
Event: 6734.603 GC heap before
{Heap before GC invocations=76 (full 5):
 PSYoungGen      total 442368K, used 440402K [0x00000000e0000000, 0x00000000fed00000, 0x0000000100000000)
  eden space 400384K, 99% used [0x00000000e0000000,0x00000000f8680da8,0x00000000f8700000)
  from space 41984K, 96% used [0x00000000fb680000,0x00000000fde13c10,0x00000000fdf80000)
  to   space 48640K, 0% used [0x00000000f8700000,0x00000000f8700000,0x00000000fb680000)
 ParOldGen       total 444928K, used 190147K [0x00000000a0000000, 0x00000000bb280000, 0x00000000e0000000)
  object space 444928K, 42% used [0x00000000a0000000,0x00000000ab9b0d08,0x00000000bb280000)
 Metaspace       used 90346K, capacity 95710K, committed 98792K, reserved 1134592K
  class space    used 11156K, capacity 12103K, committed 12928K, reserved 1048576K
Event: 6734.610 GC heap after
Heap after GC invocations=76 (full 5):
 PSYoungGen      total 449024K, used 10985K [0x00000000e0000000, 0x0000000100000000, 0x0000000100000000)
  eden space 400384K, 0% used [0x00000000e0000000,0x00000000e0000000,0x00000000f8700000)
  from space 48640K, 22% used [0x00000000f8700000,0x00000000f91ba538,0x00000000fb680000)
  to   space 46592K, 0% used [0x00000000fd280000,0x00000000fd280000,0x0000000100000000)
 ParOldGen       total 444928K, used 190155K [0x00000000a0000000, 0x00000000bb280000, 0x00000000e0000000)
  object space 444928K, 42% used [0x00000000a0000000,0x00000000ab9b2d08,0x00000000bb280000)
 Metaspace       used 90346K, capacity 95710K, committed 98792K, reserved 1134592K
  class space    used 11156K, capacity 12103K, committed 12928K, reserved 1048576K
}
Event: 8044.278 GC heap before
{Heap before GC invocations=77 (full 5):
 PSYoungGen      total 449024K, used 411261K [0x00000000e0000000, 0x0000000100000000, 0x0000000100000000)
  eden space 400384K, 99% used [0x00000000e0000000,0x00000000f86e4f28,0x00000000f8700000)
  from space 48640K, 22% used [0x00000000f8700000,0x00000000f91ba538,0x00000000fb680000)
  to   space 46592K, 0% used [0x00000000fd280000,0x00000000fd280000,0x0000000100000000)
 ParOldGen       total 444928K, used 190155K [0x00000000a0000000, 0x00000000bb280000, 0x00000000e0000000)
  object space 444928K, 42% used [0x00000000a0000000,0x00000000ab9b2d08,0x00000000bb280000)
 Metaspace       used 90577K, capacity 96070K, committed 99160K, reserved 1136640K
  class space    used 11181K, capacity 12151K, committed 12928K, reserved 1048576K
Event: 8044.287 GC heap after
Heap after GC invocations=77 (full 5):
 PSYoungGen      total 466432K, used 12353K [0x00000000e0000000, 0x00000000ff900000, 0x0000000100000000)
  eden space 427008K, 0% used [0x00000000e0000000,0x00000000e0000000,0x00000000fa100000)
  from space 39424K, 31% used [0x00000000fd280000,0x00000000fde90448,0x00000000ff900000)
  to   space 45056K, 0% used [0x00000000fa100000,0x00000000fa100000,0x00000000fcd00000)
 ParOldGen       total 444928K, used 190163K [0x00000000a0000000, 0x00000000bb280000, 0x00000000e0000000)
  object space 444928K, 42% used [0x00000000a0000000,0x00000000ab9b4d08,0x00000000bb280000)
 Metaspace       used 90577K, capacity 96070K, committed 99160K, reserved 1136640K
  class space    used 11181K, capacity 12151K, committed 12928K, reserved 1048576K
}
Event: 8046.282 GC heap before
{Heap before GC invocations=78 (full 5):
 PSYoungGen      total 466432K, used 438855K [0x00000000e0000000, 0x00000000ff900000, 0x0000000100000000)
  eden space 427008K, 99% used [0x00000000e0000000,0x00000000fa081840,0x00000000fa100000)
  from space 39424K, 31% used [0x00000000fd280000,0x00000000fde90448,0x00000000ff900000)
  to   space 45056K, 0% used [0x00000000fa100000,0x00000000fa100000,0x00000000fcd00000)
 ParOldGen       total 444928K, used 190163K [0x00000000a0000000, 0x00000000bb280000, 0x00000000e0000000)
  object space 444928K, 42% used [0x00000000a0000000,0x00000000ab9b4d08,0x00000000bb280000)
 Metaspace       used 90675K, capacity 96232K, committed 99416K, reserved 1136640K
  class space    used 11192K, capacity 12160K, committed 12928K, reserved 1048576K
Event: 8046.295 GC heap after
Heap after GC invocations=78 (full 5):
 PSYoungGen      total 472064K, used 8164K [0x00000000e0000000, 0x0000000100000000, 0x0000000100000000)
  eden space 427008K, 0% used [0x00000000e0000000,0x00000000e0000000,0x00000000fa100000)
  from space 45056K, 18% used [0x00000000fa100000,0x00000000fa8f90e0,0x00000000fcd00000)
  to   space 43520K, 0% used [0x00000000fd580000,0x00000000fd580000,0x0000000100000000)
 ParOldGen       total 444928K, used 190163K [0x00000000a0000000, 0x00000000bb280000, 0x00000000e0000000)
  object space 444928K, 42% used [0x00000000a0000000,0x00000000ab9b4d08,0x00000000bb280000)
 Metaspace       used 90675K, capacity 96232K, committed 99416K, reserved 1136640K
  class space    used 11192K, capacity 12160K, committed 12928K, reserved 1048576K
}
Event: 8390.858 GC heap before
{Heap before GC invocations=79 (full 5):
 PSYoungGen      total 472064K, used 435147K [0x00000000e0000000, 0x0000000100000000, 0x0000000100000000)
  eden space 427008K, 99% used [0x00000000e0000000,0x00000000fa0f9c10,0x00000000fa100000)
  from space 45056K, 18% used [0x00000000fa100000,0x00000000fa8f90e0,0x00000000fcd00000)
  to   space 43520K, 0% used [0x00000000fd580000,0x00000000fd580000,0x0000000100000000)
 ParOldGen       total 444928K, used 190163K [0x00000000a0000000, 0x00000000bb280000, 0x00000000e0000000)
  object space 444928K, 42% used [0x00000000a0000000,0x00000000ab9b4d08,0x00000000bb280000)
 Metaspace       used 91121K, capacity 96754K, committed 99672K, reserved 1136640K
  class space    used 11272K, capacity 12247K, committed 12928K, reserved 1048576K
Event: 8390.865 GC heap after
Heap after GC invocations=79 (full 5):
 PSYoungGen      total 474624K, used 9563K [0x00000000e0000000, 0x00000000ffb80000, 0x0000000100000000)
  eden space 435712K, 0% used [0x00000000e0000000,0x00000000e0000000,0x00000000fa980000)
  from space 38912K, 24% used [0x00000000fd580000,0x00000000fded6c58,0x00000000ffb80000)
  to   space 41984K, 0% used [0x00000000fa980000,0x00000000fa980000,0x00000000fd280000)
 ParOldGen       total 444928K, used 190163K [0x00000000a0000000, 0x00000000bb280000, 0x00000000e0000000)
  object space 444928K, 42% used [0x00000000a0000000,0x00000000ab9b4d08,0x00000000bb280000)
 Metaspace       used 91121K, capacity 96754K, committed 99672K, reserved 1136640K
  class space    used 11272K, capacity 12247K, committed 12928K, reserved 1048576K
}

